C51 COMPILER V6.12  PROJECT                                                                06/14/2021 16:20:59 PAGE 1   


C51 COMPILER V6.12, COMPILATION OF MODULE PROJECT
OBJECT MODULE PLACED IN .\Project.OBJ
COMPILER INVOKED BY: C:\Keil\C51\BIN\C51.EXE .\Project.c DEBUG OBJECTEXTEND

stmt level    source

   1          #include <reg51.h>
   2          #include <stdio.h>
   3          
   4          char hexvalue[60]={0x00,0x01,0x02,0x03,0x04,0x5,0x06,0x07,0x08,0x09,0x10,0x11,0x12,0x13,0x14,0x15,0x16,0x1
             -7,0x18,0x19,0x20,0x21,0x22,0x23,0x24,0x25,0x26,0x27,0x28,0x29,0x30,0x31,0x32,0x33,0x34,0x35,0x36,0x37,0x38,0x39,0x40,0x4
             -1,0x42,0x43,0x44,0x45,0x46,0x47,0x48,0x49,0x50,0x51,0x52,0x53,0x54,0x55,0x56,0x57,0x58,0x59};
   5          void onesecDelay(void)
   6          {
   7   1      	unsigned int i=0;
   8   1      	unsigned int j=0; 
   9   1      	while(i<3600)
  10   1      	{
  11   2      		TMOD = 0x02;
  12   2      		TH0= -256;
  13   2      		TR0=1;
  14   2      		while(TF0==0)
  15   2      		{}
  16   2      		TF0=0;
  17   2      		i++;
  18   2      	}
  19   1      }
  20          
  21          void orgtimer(void)
  22          {
  23   1      	while(1)
  24   1      	{
  25   2      		unsigned int i;
  26   2      		unsigned int j;
  27   2      		unsigned int k;
  28   2      		for(i=0;i<12;i++)
  29   2      		{
  30   3      			P3=hexvalue[i];
  31   3      			for(j=0;j<60;j++)
  32   3      			{
  33   4      				P2=hexvalue[j];
  34   4      				for(k=0;k<60;k++)
  35   4      				{
  36   5      					P0=hexvalue[k];
  37   5      					onesecDelay();
  38   5      				}
  39   4      				k=0;
  40   4      			}
  41   3      			j=0;
  42   3      		}
  43   2      		i=0;
  44   2      	}	
  45   1      }  
  46          
  47          // main function
  48          int main()
  49          {
  50   1      
  51   1      	orgtimer();
  52   1      }
  53          
C51 COMPILER V6.12  PROJECT                                                                06/14/2021 16:20:59 PAGE 2   

  54          end;


MODULE INFORMATION:   STATIC OVERLAYABLE
   CODE SIZE        =    145    ----
   CONSTANT SIZE    =   ----    ----
   XDATA SIZE       =   ----    ----
   PDATA SIZE       =   ----    ----
   DATA SIZE        =     62       8
   IDATA SIZE       =   ----    ----
   BIT SIZE         =   ----    ----
END OF MODULE INFORMATION.


C51 COMPILATION COMPLETE.  0 WARNING(S),  0 ERROR(S)
